Mar 14, 2023 10:45:58 PM seedu.bigpp.BigPP runLoopUntilExit
INFO: User input: hello
Mar 14, 2023 10:45:58 PM seedu.bigpp.BigPP runLoopUntilExit
INFO: Command executed: seedu.bigpp.command.commoncommand.UnrecognizedCommand
Mar 14, 2023 10:45:58 PM seedu.bigpp.BigPP runLoopUntilExit
INFO: Result: Unrecognised command.
Mar 14, 2023 10:46:02 PM seedu.bigpp.BigPP runLoopUntilExit
INFO: User input: add pc1
Mar 14, 2023 10:46:02 PM seedu.bigpp.BigPP runLoopUntilExit
INFO: Command executed: seedu.bigpp.command.viewercommand.ViewerAddCommand
Mar 14, 2023 10:46:02 PM seedu.bigpp.BigPP runLoopUntilExit
INFO: Result: Custom PC: [ pc1 ] has been created
Mar 14, 2023 10:46:05 PM seedu.bigpp.BigPP runLoopUntilExit
INFO: User input: delete pc1
Mar 14, 2023 11:20:04 PM seedu.bigpp.BigPP runLoopUntilExit
INFO: User input: hello
Mar 14, 2023 11:20:04 PM seedu.bigpp.BigPP runLoopUntilExit
INFO: Command executed: seedu.bigpp.command.commoncommand.UnrecognizedCommand
Mar 14, 2023 11:20:04 PM seedu.bigpp.BigPP runLoopUntilExit
INFO: Result: Unrecognised command.
Mar 14, 2023 11:20:07 PM seedu.bigpp.BigPP runLoopUntilExit
INFO: User input: add asdl;kfj
Mar 14, 2023 11:20:07 PM seedu.bigpp.BigPP runLoopUntilExit
INFO: Command executed: seedu.bigpp.command.viewercommand.ViewerAddCommand
Mar 14, 2023 11:20:07 PM seedu.bigpp.BigPP runLoopUntilExit
INFO: Result: Custom PC: [ asdl;kfj ] has been created
Mar 14, 2023 11:20:10 PM seedu.bigpp.BigPP runLoopUntilExit
INFO: User input: view 1
Mar 14, 2023 11:20:10 PM seedu.bigpp.BigPP runLoopUntilExit
INFO: Command executed: seedu.bigpp.command.viewercommand.ViewerViewCommand
Mar 14, 2023 11:20:10 PM seedu.bigpp.BigPP runLoopUntilExit
INFO: Result: Custom-PC: [asdl;kfj] - $0.0
Components:
CPU        : - Not Selected -
CPU Cooler : - Not Selected -
GPU        : - Not Selected -
Motherboard: - Not Selected -
RAM        : - Not Selected -
Storage    : - Not Selected -
PSU        : - Not Selected -
Chassis    : - Not Selected -

Mar 14, 2023 11:20:12 PM seedu.bigpp.BigPP runLoopUntilExit
INFO: User input: veiw
Mar 14, 2023 11:20:12 PM seedu.bigpp.BigPP runLoopUntilExit
INFO: Command executed: seedu.bigpp.command.commoncommand.UnrecognizedCommand
Mar 14, 2023 11:20:12 PM seedu.bigpp.BigPP runLoopUntilExit
INFO: Result: Unrecognised command.
Mar 14, 2023 11:20:14 PM seedu.bigpp.BigPP runLoopUntilExit
INFO: User input: back
Mar 14, 2023 11:20:14 PM seedu.bigpp.BigPP runLoopUntilExit
INFO: Command executed: seedu.bigpp.command.commoncommand.BackCommand
Mar 14, 2023 11:20:14 PM seedu.bigpp.BigPP runLoopUntilExit
INFO: Result: Cannot go back from PCViewer
Mar 14, 2023 11:20:17 PM seedu.bigpp.BigPP runLoopUntilExit
INFO: User input: view a
Mar 14, 2023 11:20:17 PM seedu.bigpp.BigPP runLoopUntilExit
WARNING: Please enter an integer
Mar 14, 2023 11:20:19 PM seedu.bigpp.BigPP runLoopUntilExit
INFO: User input: view asdjkl;fh
Mar 14, 2023 11:20:19 PM seedu.bigpp.BigPP runLoopUntilExit
WARNING: Please enter an integer
Mar 14, 2023 11:20:20 PM seedu.bigpp.BigPP runLoopUntilExit
INFO: User input: view 2
Mar 14, 2023 11:20:20 PM seedu.bigpp.BigPP runLoopUntilExit
WARNING: Please enter a valid index
Mar 14, 2023 11:20:22 PM seedu.bigpp.BigPP runLoopUntilExit
INFO: User input: view 0
Mar 14, 2023 11:20:22 PM seedu.bigpp.BigPP runLoopUntilExit
WARNING: Please enter a valid index
Mar 14, 2023 11:20:54 PM seedu.bigpp.BigPP runLoopUntilExit
INFO: User input: view 45
Mar 14, 2023 11:20:54 PM seedu.bigpp.BigPP runLoopUntilExit
WARNING: Please enter a valid index
Mar 14, 2023 11:20:57 PM seedu.bigpp.BigPP runLoopUntilExit
INFO: User input: veiw asdfa
Mar 14, 2023 11:20:57 PM seedu.bigpp.BigPP runLoopUntilExit
INFO: Command executed: seedu.bigpp.command.commoncommand.UnrecognizedCommand
Mar 14, 2023 11:20:57 PM seedu.bigpp.BigPP runLoopUntilExit
INFO: Result: Unrecognised command.
Mar 14, 2023 11:20:58 PM seedu.bigpp.BigPP runLoopUntilExit
INFO: User input: view asdf
Mar 14, 2023 11:20:58 PM seedu.bigpp.BigPP runLoopUntilExit
WARNING: Please enter an integer
Mar 14, 2023 11:21:01 PM seedu.bigpp.BigPP runLoopUntilExit
INFO: User input: edit a
Mar 14, 2023 11:21:01 PM seedu.bigpp.BigPP runLoopUntilExit
WARNING: Please enter an integer
Mar 14, 2023 11:21:04 PM seedu.bigpp.BigPP runLoopUntilExit
INFO: User input: edit 0
Mar 14, 2023 11:21:04 PM seedu.bigpp.BigPP runLoopUntilExit
WARNING: Please enter a valid index
Mar 14, 2023 11:21:06 PM seedu.bigpp.BigPP runLoopUntilExit
INFO: User input: edit 1
Mar 14, 2023 11:21:06 PM seedu.bigpp.BigPP runLoopUntilExit
INFO: Command executed: seedu.bigpp.command.viewercommand.ViewerEditCommand
Mar 14, 2023 11:21:06 PM seedu.bigpp.BigPP runLoopUntilExit
INFO: Result: Currently editing PC: asdl;kfj
Mar 14, 2023 11:21:08 PM seedu.bigpp.BigPP runLoopUntilExit
INFO: User input: back
Mar 14, 2023 11:21:08 PM seedu.bigpp.BigPP runLoopUntilExit
INFO: Command executed: seedu.bigpp.command.commoncommand.BackCommand
Mar 14, 2023 11:21:08 PM seedu.bigpp.BigPP runLoopUntilExit
INFO: Result: returned to PCViewer
Mar 14, 2023 11:21:11 PM seedu.bigpp.BigPP runLoopUntilExit
INFO: User input: edit 12
Mar 14, 2023 11:21:11 PM seedu.bigpp.BigPP runLoopUntilExit
WARNING: Please enter a valid index
Mar 14, 2023 11:21:43 PM seedu.bigpp.BigPP runLoopUntilExit
INFO: User input: edit 1
Mar 14, 2023 11:21:43 PM seedu.bigpp.BigPP runLoopUntilExit
INFO: Command executed: seedu.bigpp.command.viewercommand.ViewerEditCommand
Mar 14, 2023 11:21:43 PM seedu.bigpp.BigPP runLoopUntilExit
INFO: Result: Currently editing PC: asdl;kfj
Mar 14, 2023 11:21:52 PM seedu.bigpp.BigPP runLoopUntilExit
INFO: User input: list a
Mar 14, 2023 11:22:02 PM seedu.bigpp.BigPP runLoopUntilExit
INFO: User input: r
Mar 14, 2023 11:22:02 PM seedu.bigpp.BigPP runLoopUntilExit
INFO: Command executed: seedu.bigpp.command.commoncommand.UnrecognizedCommand
Mar 14, 2023 11:22:02 PM seedu.bigpp.BigPP runLoopUntilExit
INFO: Result: Unrecognised command.
Mar 14, 2023 11:22:13 PM seedu.bigpp.BigPP runLoopUntilExit
INFO: User input: name df
Mar 14, 2023 11:22:13 PM seedu.bigpp.BigPP runLoopUntilExit
INFO: Command executed: seedu.bigpp.command.commoncommand.UnrecognizedCommand
Mar 14, 2023 11:22:13 PM seedu.bigpp.BigPP runLoopUntilExit
INFO: Result: Unrecognised command.
Mar 14, 2023 11:22:18 PM seedu.bigpp.BigPP runLoopUntilExit
INFO: User input: add abd
Mar 14, 2023 11:22:18 PM seedu.bigpp.BigPP runLoopUntilExit
INFO: Command executed: seedu.bigpp.command.viewercommand.ViewerAddCommand
Mar 14, 2023 11:22:18 PM seedu.bigpp.BigPP runLoopUntilExit
INFO: Result: Custom PC: [ abd ] has been created
Mar 14, 2023 11:22:23 PM seedu.bigpp.BigPP runLoopUntilExit
INFO: User input: select 1
Mar 14, 2023 11:22:23 PM seedu.bigpp.BigPP runLoopUntilExit
INFO: Command executed: seedu.bigpp.command.commoncommand.UnrecognizedCommand
Mar 14, 2023 11:22:23 PM seedu.bigpp.BigPP runLoopUntilExit
INFO: Result: Unrecognised command.
Mar 14, 2023 11:22:27 PM seedu.bigpp.BigPP runLoopUntilExit
INFO: User input: select cpu 1
Mar 14, 2023 11:22:27 PM seedu.bigpp.BigPP runLoopUntilExit
INFO: Command executed: seedu.bigpp.command.commoncommand.UnrecognizedCommand
Mar 14, 2023 11:22:27 PM seedu.bigpp.BigPP runLoopUntilExit
INFO: Result: Unrecognised command.
Mar 14, 2023 11:22:49 PM seedu.bigpp.BigPP runLoopUntilExit
INFO: User input: edit 1
Mar 14, 2023 11:22:49 PM seedu.bigpp.BigPP runLoopUntilExit
INFO: Command executed: seedu.bigpp.command.viewercommand.ViewerEditCommand
Mar 14, 2023 11:22:50 PM seedu.bigpp.BigPP runLoopUntilExit
INFO: Result: Currently editing PC: abd
Mar 14, 2023 11:22:51 PM seedu.bigpp.BigPP runLoopUntilExit
INFO: User input: select a
Mar 14, 2023 11:22:52 PM seedu.bigpp.BigPP runLoopUntilExit
WARNING: Please select a valid component (cpu,gpu,ram,storage,psu,motherboard,cpu-cooler,chassis)
Mar 14, 2023 11:22:56 PM seedu.bigpp.BigPP runLoopUntilExit
INFO: User input: select adskjf
Mar 14, 2023 11:22:56 PM seedu.bigpp.BigPP runLoopUntilExit
WARNING: Please select a valid component (cpu,gpu,ram,storage,psu,motherboard,cpu-cooler,chassis)
Mar 14, 2023 11:22:58 PM seedu.bigpp.BigPP runLoopUntilExit
INFO: User input: select 1
Mar 14, 2023 11:22:58 PM seedu.bigpp.BigPP runLoopUntilExit
WARNING: Please select a valid component (cpu,gpu,ram,storage,psu,motherboard,cpu-cooler,chassis)
Mar 14, 2023 11:23:00 PM seedu.bigpp.BigPP runLoopUntilExit
INFO: User input: select cpu
Mar 14, 2023 11:23:00 PM seedu.bigpp.BigPP runLoopUntilExit
WARNING: Please input an index
Mar 14, 2023 11:23:05 PM seedu.bigpp.BigPP runLoopUntilExit
INFO: User input: select cpu a
